make -f /home/bghomashi/Documents/projects/tdse_bspline/Makefile --dry-run --always-make --keep-going --print-directory
make: Entering directory '/home/bghomashi/Documents/projects/tdse_bspline'
Executables="bspline_tise.out bspline_tdse.out ionization.out populations.out"
 
Executables="bspline_tise.out bspline_tdse.out ionization.out populations.out"
 
mkdir -p obj/
 
mkdir -p obj/objects/observables/
 
//bin/mpicxx -D__STDCPP_WANT_MATH_SPEC_FUNCS__ -DCL_TARGET_OPENCL_VERSION=300 -I/include -I//include -I/include -I//include -Iinc -I/usr/include -Isrc -std=c++14 -g -O0  -c src/objects/observables/wavefunction_obs.cpp -o obj/objects/observables/wavefunction_obs.o
 
//bin/mpicxx -D__STDCPP_WANT_MATH_SPEC_FUNCS__ -DCL_TARGET_OPENCL_VERSION=300 -I/include -I//include -I/include -I//include -Iinc -I/usr/include -Isrc -std=c++14 -g -O0  -c src/objects/observables/pulse_obs.cpp -o obj/objects/observables/pulse_obs.o
//bin/mpicxx -D__STDCPP_WANT_MATH_SPEC_FUNCS__ -DCL_TARGET_OPENCL_VERSION=300 -I/include -I//include -I/include -I//include -Iinc -I/usr/include -Isrc -std=c++14 -g -O0  -c src/objects/observables/debug_eigenstates.cpp -o obj/objects/observables/debug_eigenstates.o
 
//bin/mpicxx -D__STDCPP_WANT_MATH_SPEC_FUNCS__ -DCL_TARGET_OPENCL_VERSION=300 -I/include -I//include -I/include -I//include -Iinc -I/usr/include -Isrc -std=c++14 -g -O0  -c src/objects/observables/dipole_obs.cpp -o obj/objects/observables/dipole_obs.o
//bin/mpicxx -D__STDCPP_WANT_MATH_SPEC_FUNCS__ -DCL_TARGET_OPENCL_VERSION=300 -I/include -I//include -I/include -I//include -Iinc -I/usr/include -Isrc -std=c++14 -g -O0  -c src/objects/observables/dipole_acc_obs.cpp -o obj/objects/observables/dipole_acc_obs.o
//bin/mpicxx -D__STDCPP_WANT_MATH_SPEC_FUNCS__ -DCL_TARGET_OPENCL_VERSION=300 -I/include -I//include -I/include -I//include -Iinc -I/usr/include -Isrc -std=c++14 -g -O0  -c src/objects/observables/knot_obs.cpp -o obj/objects/observables/knot_obs.o
 
//bin/mpicxx -D__STDCPP_WANT_MATH_SPEC_FUNCS__ -DCL_TARGET_OPENCL_VERSION=300 -I/include -I//include -I/include -I//include -Iinc -I/usr/include -Isrc -std=c++14 -g -O0  -c src/objects/observables/basis_obs.cpp -o obj/objects/observables/basis_obs.o
//bin/mpicxx -D__STDCPP_WANT_MATH_SPEC_FUNCS__ -DCL_TARGET_OPENCL_VERSION=300 -I/include -I//include -I/include -I//include -Iinc -I/usr/include -Isrc -std=c++14 -g -O0  -c src/objects/observables/ionization_obs.cpp -o obj/objects/observables/ionization_obs.o
 
//bin/mpicxx -D__STDCPP_WANT_MATH_SPEC_FUNCS__ -DCL_TARGET_OPENCL_VERSION=300 -I/include -I//include -I/include -I//include -Iinc -I/usr/include -Isrc -std=c++14 -g -O0  -c src/objects/observables/norm_obs.cpp -o obj/objects/observables/norm_obs.o
//bin/mpicxx -D__STDCPP_WANT_MATH_SPEC_FUNCS__ -DCL_TARGET_OPENCL_VERSION=300 -I/include -I//include -I/include -I//include -Iinc -I/usr/include -Isrc -std=c++14 -g -O0  -c src/objects/observables/potential_obs.cpp -o obj/objects/observables/potential_obs.o
//bin/mpicxx -D__STDCPP_WANT_MATH_SPEC_FUNCS__ -DCL_TARGET_OPENCL_VERSION=300 -I/include -I//include -I/include -I//include -Iinc -I/usr/include -Isrc -std=c++14 -g -O0  -c src/objects/observables/density_obs.cpp -o obj/objects/observables/density_obs.o
//bin/mpicxx -D__STDCPP_WANT_MATH_SPEC_FUNCS__ -DCL_TARGET_OPENCL_VERSION=300 -I/include -I//include -I/include -I//include -Iinc -I/usr/include -Isrc -std=c++14 -g -O0  -c src/objects/observables/debug_wavefunction_obs.cpp -o obj/objects/observables/debug_wavefunction_obs.o
 
//bin/mpicxx -D__STDCPP_WANT_MATH_SPEC_FUNCS__ -DCL_TARGET_OPENCL_VERSION=300 -I/include -I//include -I/include -I//include -Iinc -I/usr/include -Isrc -std=c++14 -g -O0  -c src/objects/observables/population_obs.cpp -o obj/objects/observables/population_obs.o
mkdir -p obj/objects/propagators/gpu_CrankNicolson/
//bin/mpicxx -D__STDCPP_WANT_MATH_SPEC_FUNCS__ -DCL_TARGET_OPENCL_VERSION=300 -I/include -I//include -I/include -I//include -Iinc -I/usr/include -Isrc -std=c++14 -g -O0  -c src/objects/propagators/gpu_CrankNicolson/gpu_crank_nicolson_validate.cpp -o obj/objects/propagators/gpu_CrankNicolson/gpu_crank_nicolson_validate.o
//bin/mpicxx -D__STDCPP_WANT_MATH_SPEC_FUNCS__ -DCL_TARGET_OPENCL_VERSION=300 -I/include -I//include -I/include -I//include -Iinc -I/usr/include -Isrc -std=c++14 -g -O0  -c src/objects/propagators/gpu_CrankNicolson/gpu_crank_nicolson.cpp -o obj/objects/propagators/gpu_CrankNicolson/gpu_crank_nicolson.o
mkdir -p obj/objects/propagators/crank_nicolson/
//bin/mpicxx -D__STDCPP_WANT_MATH_SPEC_FUNCS__ -DCL_TARGET_OPENCL_VERSION=300 -I/include -I//include -I/include -I//include -Iinc -I/usr/include -Isrc -std=c++14 -g -O0  -c src/objects/propagators/crank_nicolson/crank_nicolson_fill_S.cpp -o obj/objects/propagators/crank_nicolson/crank_nicolson_fill_S.o
//bin/mpicxx -D__STDCPP_WANT_MATH_SPEC_FUNCS__ -DCL_TARGET_OPENCL_VERSION=300 -I/include -I//include -I/include -I//include -Iinc -I/usr/include -Isrc -std=c++14 -g -O0  -c src/objects/propagators/crank_nicolson/crank_nicolson_fill_HI_y.cpp -o obj/objects/propagators/crank_nicolson/crank_nicolson_fill_HI_y.o
//bin/mpicxx -D__STDCPP_WANT_MATH_SPEC_FUNCS__ -DCL_TARGET_OPENCL_VERSION=300 -I/include -I//include -I/include -I//include -Iinc -I/usr/include -Isrc -std=c++14 -g -O0  -c src/objects/propagators/crank_nicolson/crank_nicolson_fill_U0.cpp -o obj/objects/propagators/crank_nicolson/crank_nicolson_fill_U0.o
//bin/mpicxx -D__STDCPP_WANT_MATH_SPEC_FUNCS__ -DCL_TARGET_OPENCL_VERSION=300 -I/include -I//include -I/include -I//include -Iinc -I/usr/include -Isrc -std=c++14 -g -O0  -c src/objects/propagators/crank_nicolson/crank_nicolson_fill_HI_x.cpp -o obj/objects/propagators/crank_nicolson/crank_nicolson_fill_HI_x.o
//bin/mpicxx -D__STDCPP_WANT_MATH_SPEC_FUNCS__ -DCL_TARGET_OPENCL_VERSION=300 -I/include -I//include -I/include -I//include -Iinc -I/usr/include -Isrc -std=c++14 -g -O0  -c src/objects/propagators/crank_nicolson/crank_nicolson_fill_FF.cpp -o obj/objects/propagators/crank_nicolson/crank_nicolson_fill_FF.o
 
//bin/mpicxx -D__STDCPP_WANT_MATH_SPEC_FUNCS__ -DCL_TARGET_OPENCL_VERSION=300 -I/include -I//include -I/include -I//include -Iinc -I/usr/include -Isrc -std=c++14 -g -O0  -c src/objects/propagators/crank_nicolson/crank_nicolson_validate.cpp -o obj/objects/propagators/crank_nicolson/crank_nicolson_validate.o
//bin/mpicxx -D__STDCPP_WANT_MATH_SPEC_FUNCS__ -DCL_TARGET_OPENCL_VERSION=300 -I/include -I//include -I/include -I//include -Iinc -I/usr/include -Isrc -std=c++14 -g -O0  -c src/objects/propagators/crank_nicolson/crank_nicolson_fill_HI_z.cpp -o obj/objects/propagators/crank_nicolson/crank_nicolson_fill_HI_z.o
//bin/mpicxx -D__STDCPP_WANT_MATH_SPEC_FUNCS__ -DCL_TARGET_OPENCL_VERSION=300 -I/include -I//include -I/include -I//include -Iinc -I/usr/include -Isrc -std=c++14 -g -O0  -c src/objects/propagators/crank_nicolson/crank_nicolson.cpp -o obj/objects/propagators/crank_nicolson/crank_nicolson.o
mkdir -p obj/objects/potentials/exponential/
//bin/mpicxx -D__STDCPP_WANT_MATH_SPEC_FUNCS__ -DCL_TARGET_OPENCL_VERSION=300 -I/include -I//include -I/include -I//include -Iinc -I/usr/include -Isrc -std=c++14 -g -O0  -c src/objects/potentials/exponential/exponential_pot_z.cpp -o obj/objects/potentials/exponential/exponential_pot_z.o
 
//bin/mpicxx -D__STDCPP_WANT_MATH_SPEC_FUNCS__ -DCL_TARGET_OPENCL_VERSION=300 -I/include -I//include -I/include -I//include -Iinc -I/usr/include -Isrc -std=c++14 -g -O0  -c src/objects/potentials/exponential/exponential_pot_x.cpp -o obj/objects/potentials/exponential/exponential_pot_x.o
//bin/mpicxx -D__STDCPP_WANT_MATH_SPEC_FUNCS__ -DCL_TARGET_OPENCL_VERSION=300 -I/include -I//include -I/include -I//include -Iinc -I/usr/include -Isrc -std=c++14 -g -O0  -c src/objects/potentials/exponential/exponential_pot_y.cpp -o obj/objects/potentials/exponential/exponential_pot_y.o
//bin/mpicxx -D__STDCPP_WANT_MATH_SPEC_FUNCS__ -DCL_TARGET_OPENCL_VERSION=300 -I/include -I//include -I/include -I//include -Iinc -I/usr/include -Isrc -std=c++14 -g -O0  -c src/objects/potentials/exponential/exponential_pot.cpp -o obj/objects/potentials/exponential/exponential_pot.o
mkdir -p obj/objects/potentials/coulomb/
//bin/mpicxx -D__STDCPP_WANT_MATH_SPEC_FUNCS__ -DCL_TARGET_OPENCL_VERSION=300 -I/include -I//include -I/include -I//include -Iinc -I/usr/include -Isrc -std=c++14 -g -O0  -c src/objects/potentials/coulomb/coulomb_grad_z.cpp -o obj/objects/potentials/coulomb/coulomb_grad_z.o
 
//bin/mpicxx -D__STDCPP_WANT_MATH_SPEC_FUNCS__ -DCL_TARGET_OPENCL_VERSION=300 -I/include -I//include -I/include -I//include -Iinc -I/usr/include -Isrc -std=c++14 -g -O0  -c src/objects/potentials/coulomb/coulomb_axial.cpp -o obj/objects/potentials/coulomb/coulomb_axial.o
//bin/mpicxx -D__STDCPP_WANT_MATH_SPEC_FUNCS__ -DCL_TARGET_OPENCL_VERSION=300 -I/include -I//include -I/include -I//include -Iinc -I/usr/include -Isrc -std=c++14 -g -O0  -c src/objects/potentials/coulomb/coulomb_grad_x.cpp -o obj/objects/potentials/coulomb/coulomb_grad_x.o
//bin/mpicxx -D__STDCPP_WANT_MATH_SPEC_FUNCS__ -DCL_TARGET_OPENCL_VERSION=300 -I/include -I//include -I/include -I//include -Iinc -I/usr/include -Isrc -std=c++14 -g -O0  -c src/objects/potentials/coulomb/coulomb_central.cpp -o obj/objects/potentials/coulomb/coulomb_central.o
//bin/mpicxx -D__STDCPP_WANT_MATH_SPEC_FUNCS__ -DCL_TARGET_OPENCL_VERSION=300 -I/include -I//include -I/include -I//include -Iinc -I/usr/include -Isrc -std=c++14 -g -O0  -c src/objects/potentials/coulomb/coulomb_pot.cpp -o obj/objects/potentials/coulomb/coulomb_pot.o
//bin/mpicxx -D__STDCPP_WANT_MATH_SPEC_FUNCS__ -DCL_TARGET_OPENCL_VERSION=300 -I/include -I//include -I/include -I//include -Iinc -I/usr/include -Isrc -std=c++14 -g -O0  -c src/objects/potentials/coulomb/coulomb_grad_y.cpp -o obj/objects/potentials/coulomb/coulomb_grad_y.o
 
mkdir -p obj/objects/potentials/yukawa/
//bin/mpicxx -D__STDCPP_WANT_MATH_SPEC_FUNCS__ -DCL_TARGET_OPENCL_VERSION=300 -I/include -I//include -I/include -I//include -Iinc -I/usr/include -Isrc -std=c++14 -g -O0  -c src/objects/potentials/yukawa/yukawa_axial.cpp -o obj/objects/potentials/yukawa/yukawa_axial.o
//bin/mpicxx -D__STDCPP_WANT_MATH_SPEC_FUNCS__ -DCL_TARGET_OPENCL_VERSION=300 -I/include -I//include -I/include -I//include -Iinc -I/usr/include -Isrc -std=c++14 -g -O0  -c src/objects/potentials/yukawa/yukawa_pot.cpp -o obj/objects/potentials/yukawa/yukawa_pot.o
//bin/mpicxx -D__STDCPP_WANT_MATH_SPEC_FUNCS__ -DCL_TARGET_OPENCL_VERSION=300 -I/include -I//include -I/include -I//include -Iinc -I/usr/include -Isrc -std=c++14 -g -O0  -c src/objects/potentials/yukawa/yukawa_pot_z.cpp -o obj/objects/potentials/yukawa/yukawa_pot_z.o
//bin/mpicxx -D__STDCPP_WANT_MATH_SPEC_FUNCS__ -DCL_TARGET_OPENCL_VERSION=300 -I/include -I//include -I/include -I//include -Iinc -I/usr/include -Isrc -std=c++14 -g -O0  -c src/objects/potentials/yukawa/yukawa_pot_x.cpp -o obj/objects/potentials/yukawa/yukawa_pot_x.o
 
//bin/mpicxx -D__STDCPP_WANT_MATH_SPEC_FUNCS__ -DCL_TARGET_OPENCL_VERSION=300 -I/include -I//include -I/include -I//include -Iinc -I/usr/include -Isrc -std=c++14 -g -O0  -c src/objects/potentials/yukawa/yukawa_pot_y.cpp -o obj/objects/potentials/yukawa/yukawa_pot_y.o
mkdir -p obj/objects/pulses/
//bin/mpicxx -D__STDCPP_WANT_MATH_SPEC_FUNCS__ -DCL_TARGET_OPENCL_VERSION=300 -I/include -I//include -I/include -I//include -Iinc -I/usr/include -Isrc -std=c++14 -g -O0  -c src/objects/pulses/sin2pulse.cpp -o obj/objects/pulses/sin2pulse.o
//bin/mpicxx -D__STDCPP_WANT_MATH_SPEC_FUNCS__ -DCL_TARGET_OPENCL_VERSION=300 -I/include -I//include -I/include -I//include -Iinc -I/usr/include -Isrc -std=c++14 -g -O0  -c src/objects/pulses/trapezoidal_pulse.cpp -o obj/objects/pulses/trapezoidal_pulse.o
 
mkdir -p obj/cl_gpu/
 
//bin/mpicxx -D__STDCPP_WANT_MATH_SPEC_FUNCS__ -DCL_TARGET_OPENCL_VERSION=300 -I/include -I//include -I/include -I//include -Iinc -I/usr/include -Isrc -std=c++14 -g -O0  -c src/cl_gpu/cl_environment.cpp -o obj/cl_gpu/cl_environment.o
 
//bin/mpicxx -D__STDCPP_WANT_MATH_SPEC_FUNCS__ -DCL_TARGET_OPENCL_VERSION=300 -I/include -I//include -I/include -I//include -Iinc -I/usr/include -Isrc -std=c++14 -g -O0  -c src/cl_gpu/cl_kernel.cpp -o obj/cl_gpu/cl_kernel.o
 
//bin/mpicxx -D__STDCPP_WANT_MATH_SPEC_FUNCS__ -DCL_TARGET_OPENCL_VERSION=300 -I/include -I//include -I/include -I//include -Iinc -I/usr/include -Isrc -std=c++14 -g -O0  -c src/cl_gpu/cl_memory.cpp -o obj/cl_gpu/cl_memory.o
 
mkdir -p obj/gpu/maths/
//bin/mpicxx -D__STDCPP_WANT_MATH_SPEC_FUNCS__ -DCL_TARGET_OPENCL_VERSION=300 -I/include -I//include -I/include -I//include -Iinc -I/usr/include -Isrc -std=c++14 -g -O0  -c src/gpu/maths/gpu_matrix.cpp -o obj/gpu/maths/gpu_matrix.o
 
//bin/mpicxx -D__STDCPP_WANT_MATH_SPEC_FUNCS__ -DCL_TARGET_OPENCL_VERSION=300 -I/include -I//include -I/include -I//include -Iinc -I/usr/include -Isrc -std=c++14 -g -O0  -c src/gpu/maths/gpu_gmres.cpp -o obj/gpu/maths/gpu_gmres.o
//bin/mpicxx -D__STDCPP_WANT_MATH_SPEC_FUNCS__ -DCL_TARGET_OPENCL_VERSION=300 -I/include -I//include -I/include -I//include -Iinc -I/usr/include -Isrc -std=c++14 -g -O0  -c src/gpu/maths/gpu_vector.cpp -o obj/gpu/maths/gpu_vector.o
//bin/mpicxx -D__STDCPP_WANT_MATH_SPEC_FUNCS__ -DCL_TARGET_OPENCL_VERSION=300 -I/include -I//include -I/include -I//include -Iinc -I/usr/include -Isrc -std=c++14 -g -O0  -c src/gpu/maths/gpu_common.cpp -o obj/gpu/maths/gpu_common.o
mkdir -p obj/gpu/utility/
//bin/mpicxx -D__STDCPP_WANT_MATH_SPEC_FUNCS__ -DCL_TARGET_OPENCL_VERSION=300 -I/include -I//include -I/include -I//include -Iinc -I/usr/include -Isrc -std=c++14 -g -O0  -c src/gpu/utility/gpu_logger.cpp -o obj/gpu/utility/gpu_logger.o
//bin/mpicxx -D__STDCPP_WANT_MATH_SPEC_FUNCS__ -DCL_TARGET_OPENCL_VERSION=300 -I/include -I//include -I/include -I//include -Iinc -I/usr/include -Isrc -std=c++14 -g -O0  -c src/gpu/utility/gpu_profiler.cpp -o obj/gpu/utility/gpu_profiler.o
mkdir -p obj/gpu/kernels/
 
//bin/mpicxx -D__STDCPP_WANT_MATH_SPEC_FUNCS__ -DCL_TARGET_OPENCL_VERSION=300 -I/include -I//include -I/include -I//include -Iinc -I/usr/include -Isrc -std=c++14 -g -O0  -c src/gpu/kernels/cl_kernels.cpp -o obj/gpu/kernels/cl_kernels.o
 
mkdir -p obj/petsc/maths/
 
//bin/mpicxx -D__STDCPP_WANT_MATH_SPEC_FUNCS__ -DCL_TARGET_OPENCL_VERSION=300 -I/include -I//include -I/include -I//include -Iinc -I/usr/include -Isrc -std=c++14 -g -O0  -c src/petsc/maths/petsc_gmres.cpp -o obj/petsc/maths/petsc_gmres.o
 
//bin/mpicxx -D__STDCPP_WANT_MATH_SPEC_FUNCS__ -DCL_TARGET_OPENCL_VERSION=300 -I/include -I//include -I/include -I//include -Iinc -I/usr/include -Isrc -std=c++14 -g -O0  -c src/petsc/maths/petsc_matrix.cpp -o obj/petsc/maths/petsc_matrix.o
//bin/mpicxx -D__STDCPP_WANT_MATH_SPEC_FUNCS__ -DCL_TARGET_OPENCL_VERSION=300 -I/include -I//include -I/include -I//include -Iinc -I/usr/include -Isrc -std=c++14 -g -O0  -c src/petsc/maths/petsc_eps.cpp -o obj/petsc/maths/petsc_eps.o
//bin/mpicxx -D__STDCPP_WANT_MATH_SPEC_FUNCS__ -DCL_TARGET_OPENCL_VERSION=300 -I/include -I//include -I/include -I//include -Iinc -I/usr/include -Isrc -std=c++14 -g -O0  -c src/petsc/maths/petsc_vector.cpp -o obj/petsc/maths/petsc_vector.o
 
//bin/mpicxx -D__STDCPP_WANT_MATH_SPEC_FUNCS__ -DCL_TARGET_OPENCL_VERSION=300 -I/include -I//include -I/include -I//include -Iinc -I/usr/include -Isrc -std=c++14 -g -O0  -c src/petsc/maths/petsc_math_factory.cpp -o obj/petsc/maths/petsc_math_factory.o
//bin/mpicxx -D__STDCPP_WANT_MATH_SPEC_FUNCS__ -DCL_TARGET_OPENCL_VERSION=300 -I/include -I//include -I/include -I//include -Iinc -I/usr/include -Isrc -std=c++14 -g -O0  -c src/petsc/maths/petsc_common.cpp -o obj/petsc/maths/petsc_common.o
 
mkdir -p obj/petsc/utility/
//bin/mpicxx -D__STDCPP_WANT_MATH_SPEC_FUNCS__ -DCL_TARGET_OPENCL_VERSION=300 -I/include -I//include -I/include -I//include -Iinc -I/usr/include -Isrc -std=c++14 -g -O0  -c src/petsc/utility/petsc_profiler.cpp -o obj/petsc/utility/petsc_profiler.o
//bin/mpicxx -D__STDCPP_WANT_MATH_SPEC_FUNCS__ -DCL_TARGET_OPENCL_VERSION=300 -I/include -I//include -I/include -I//include -Iinc -I/usr/include -Isrc -std=c++14 -g -O0  -c src/petsc/utility/petsc_logger.cpp -o obj/petsc/utility/petsc_logger.o
 
mkdir -p obj/petsc/file_io/
//bin/mpicxx -D__STDCPP_WANT_MATH_SPEC_FUNCS__ -DCL_TARGET_OPENCL_VERSION=300 -I/include -I//include -I/include -I//include -Iinc -I/usr/include -Isrc -std=c++14 -g -O0  -c src/petsc/file_io/petsc_hdf5.cpp -o obj/petsc/file_io/petsc_hdf5.o
 
//bin/mpicxx -D__STDCPP_WANT_MATH_SPEC_FUNCS__ -DCL_TARGET_OPENCL_VERSION=300 -I/include -I//include -I/include -I//include -Iinc -I/usr/include -Isrc -std=c++14 -g -O0  -c src/petsc/file_io/petsc_io_factory.cpp -o obj/petsc/file_io/petsc_io_factory.o
//bin/mpicxx -D__STDCPP_WANT_MATH_SPEC_FUNCS__ -DCL_TARGET_OPENCL_VERSION=300 -I/include -I//include -I/include -I//include -Iinc -I/usr/include -Isrc -std=c++14 -g -O0  -c src/petsc/file_io/petsc_ascii.cpp -o obj/petsc/file_io/petsc_ascii.o
 
mkdir -p obj/input/
//bin/mpicxx -D__STDCPP_WANT_MATH_SPEC_FUNCS__ -DCL_TARGET_OPENCL_VERSION=300 -I/include -I//include -I/include -I//include -Iinc -I/usr/include -Isrc -std=c++14 -g -O0  -c src/input/validate_input.cpp -o obj/input/validate_input.o
 
mkdir -p obj/common/maths/
//bin/mpicxx -D__STDCPP_WANT_MATH_SPEC_FUNCS__ -DCL_TARGET_OPENCL_VERSION=300 -I/include -I//include -I/include -I//include -Iinc -I/usr/include -Isrc -std=c++14 -g -O0  -c src/common/maths/math_algebra.cpp -o obj/common/maths/math_algebra.o
//bin/mpicxx -D__STDCPP_WANT_MATH_SPEC_FUNCS__ -DCL_TARGET_OPENCL_VERSION=300 -I/include -I//include -I/include -I//include -Iinc -I/usr/include -Isrc -std=c++14 -g -O0  -c src/common/maths/math_factory.cpp -o obj/common/maths/math_factory.o
//bin/mpicxx -D__STDCPP_WANT_MATH_SPEC_FUNCS__ -DCL_TARGET_OPENCL_VERSION=300 -I/include -I//include -I/include -I//include -Iinc -I/usr/include -Isrc -std=c++14 -g -O0  -c src/common/maths/eigen_solver.cpp -o obj/common/maths/eigen_solver.o
 
mkdir -p obj/common/utility/
//bin/mpicxx -D__STDCPP_WANT_MATH_SPEC_FUNCS__ -DCL_TARGET_OPENCL_VERSION=300 -I/include -I//include -I/include -I//include -Iinc -I/usr/include -Isrc -std=c++14 -g -O0  -c src/common/utility/index_manip.cpp -o obj/common/utility/index_manip.o
//bin/mpicxx -D__STDCPP_WANT_MATH_SPEC_FUNCS__ -DCL_TARGET_OPENCL_VERSION=300 -I/include -I//include -I/include -I//include -Iinc -I/usr/include -Isrc -std=c++14 -g -O0  -c src/common/utility/spherical_harmonics.cpp -o obj/common/utility/spherical_harmonics.o
 
//bin/mpicxx -D__STDCPP_WANT_MATH_SPEC_FUNCS__ -DCL_TARGET_OPENCL_VERSION=300 -I/include -I//include -I/include -I//include -Iinc -I/usr/include -Isrc -std=c++14 -g -O0  -c src/common/utility/logger.cpp -o obj/common/utility/logger.o
mkdir -p obj/common/utility/wigner3j/
//bin/mpicxx -D__STDCPP_WANT_MATH_SPEC_FUNCS__ -DCL_TARGET_OPENCL_VERSION=300 -I/include -I//include -I/include -I//include -Iinc -I/usr/include -Isrc -std=c++14 -g -O0  -c src/common/utility/wigner3j/wigner3j_gcf.cpp -o obj/common/utility/wigner3j/wigner3j_gcf.o
 
//bin/mpicxx -D__STDCPP_WANT_MATH_SPEC_FUNCS__ -DCL_TARGET_OPENCL_VERSION=300 -I/include -I//include -I/include -I//include -Iinc -I/usr/include -Isrc -std=c++14 -g -O0  -c src/common/utility/wigner3j/wigner3j.cpp -o obj/common/utility/wigner3j/wigner3j.o
//bin/mpicxx -D__STDCPP_WANT_MATH_SPEC_FUNCS__ -DCL_TARGET_OPENCL_VERSION=300 -I/include -I//include -I/include -I//include -Iinc -I/usr/include -Isrc -std=c++14 -g -O0  -c src/common/utility/wigner3j/wigner3j_fraction.cpp -o obj/common/utility/wigner3j/wigner3j_fraction.o
//bin/mpicxx -D__STDCPP_WANT_MATH_SPEC_FUNCS__ -DCL_TARGET_OPENCL_VERSION=300 -I/include -I//include -I/include -I//include -Iinc -I/usr/include -Isrc -std=c++14 -g -O0  -c src/common/utility/banded_matrix.cpp -o obj/common/utility/banded_matrix.o
 
//bin/mpicxx -D__STDCPP_WANT_MATH_SPEC_FUNCS__ -DCL_TARGET_OPENCL_VERSION=300 -I/include -I//include -I/include -I//include -Iinc -I/usr/include -Isrc -std=c++14 -g -O0  -c src/common/utility/profiler.cpp -o obj/common/utility/profiler.o
//bin/mpicxx -D__STDCPP_WANT_MATH_SPEC_FUNCS__ -DCL_TARGET_OPENCL_VERSION=300 -I/include -I//include -I/include -I//include -Iinc -I/usr/include -Isrc -std=c++14 -g -O0  -c src/common/utility/gsl_fit_sin.cpp -o obj/common/utility/gsl_fit_sin.o
//bin/mpicxx -D__STDCPP_WANT_MATH_SPEC_FUNCS__ -DCL_TARGET_OPENCL_VERSION=300 -I/include -I//include -I/include -I//include -Iinc -I/usr/include -Isrc -std=c++14 -g -O0  -c src/common/utility/factory.cpp -o obj/common/utility/factory.o
 
mkdir -p obj/common/objects/
//bin/mpicxx -D__STDCPP_WANT_MATH_SPEC_FUNCS__ -DCL_TARGET_OPENCL_VERSION=300 -I/include -I//include -I/include -I//include -Iinc -I/usr/include -Isrc -std=c++14 -g -O0  -c src/common/objects/initial_state.cpp -o obj/common/objects/initial_state.o
//bin/mpicxx -D__STDCPP_WANT_MATH_SPEC_FUNCS__ -DCL_TARGET_OPENCL_VERSION=300 -I/include -I//include -I/include -I//include -Iinc -I/usr/include -Isrc -std=c++14 -g -O0  -c src/common/objects/pulse.cpp -o obj/common/objects/pulse.o
//bin/mpicxx -D__STDCPP_WANT_MATH_SPEC_FUNCS__ -DCL_TARGET_OPENCL_VERSION=300 -I/include -I//include -I/include -I//include -Iinc -I/usr/include -Isrc -std=c++14 -g -O0  -c src/common/objects/observable.cpp -o obj/common/objects/observable.o
 
//bin/mpicxx -D__STDCPP_WANT_MATH_SPEC_FUNCS__ -DCL_TARGET_OPENCL_VERSION=300 -I/include -I//include -I/include -I//include -Iinc -I/usr/include -Isrc -std=c++14 -g -O0  -c src/common/objects/propagator.cpp -o obj/common/objects/propagator.o
mkdir -p obj/common/bspline/
//bin/mpicxx -D__STDCPP_WANT_MATH_SPEC_FUNCS__ -DCL_TARGET_OPENCL_VERSION=300 -I/include -I//include -I/include -I//include -Iinc -I/usr/include -Isrc -std=c++14 -g -O0  -c src/common/bspline/bspline_static_interface.cpp -o obj/common/bspline/bspline_static_interface.o
 
//bin/mpicxx -D__STDCPP_WANT_MATH_SPEC_FUNCS__ -DCL_TARGET_OPENCL_VERSION=300 -I/include -I//include -I/include -I//include -Iinc -I/usr/include -Isrc -std=c++14 -g -O0  -c src/common/bspline/bspline_evaluate.cpp -o obj/common/bspline/bspline_evaluate.o
//bin/mpicxx -D__STDCPP_WANT_MATH_SPEC_FUNCS__ -DCL_TARGET_OPENCL_VERSION=300 -I/include -I//include -I/include -I//include -Iinc -I/usr/include -Isrc -std=c++14 -g -O0  -c src/common/bspline/bspline_sequence.cpp -o obj/common/bspline/bspline_sequence.o
 
//bin/mpicxx -D__STDCPP_WANT_MATH_SPEC_FUNCS__ -DCL_TARGET_OPENCL_VERSION=300 -I/include -I//include -I/include -I//include -Iinc -I/usr/include -Isrc -std=c++14 -g -O0  -c src/common/bspline/bspline_helper.cpp -o obj/common/bspline/bspline_helper.o
//bin/mpicxx -D__STDCPP_WANT_MATH_SPEC_FUNCS__ -DCL_TARGET_OPENCL_VERSION=300 -I/include -I//include -I/include -I//include -Iinc -I/usr/include -Isrc -std=c++14 -g -O0  -c src/common/bspline/bspline_coeff_matrix.cpp -o obj/common/bspline/bspline_coeff_matrix.o
//bin/mpicxx -D__STDCPP_WANT_MATH_SPEC_FUNCS__ -DCL_TARGET_OPENCL_VERSION=300 -I/include -I//include -I/include -I//include -Iinc -I/usr/include -Isrc -std=c++14 -g -O0  -c src/common/bspline/bspline_ecs.cpp -o obj/common/bspline/bspline_ecs.o
 
//bin/mpicxx -D__STDCPP_WANT_MATH_SPEC_FUNCS__ -DCL_TARGET_OPENCL_VERSION=300 -I/include -I//include -I/include -I//include -Iinc -I/usr/include -Isrc -std=c++14 -g -O0  -c src/common/bspline/bspline_gauss_quad.cpp -o obj/common/bspline/bspline_gauss_quad.o
//bin/mpicxx -D__STDCPP_WANT_MATH_SPEC_FUNCS__ -DCL_TARGET_OPENCL_VERSION=300 -I/include -I//include -I/include -I//include -Iinc -I/usr/include -Isrc -std=c++14 -g -O0  -c src/common/bspline/bspline_integrate.cpp -o obj/common/bspline/bspline_integrate.o
//bin/mpicxx -D__STDCPP_WANT_MATH_SPEC_FUNCS__ -DCL_TARGET_OPENCL_VERSION=300 -I/include -I//include -I/include -I//include -Iinc -I/usr/include -Isrc -std=c++14 -g -O0  -c src/common/bspline/bspline_initialize.cpp -o obj/common/bspline/bspline_initialize.o
 
//bin/mpicxx -D__STDCPP_WANT_MATH_SPEC_FUNCS__ -DCL_TARGET_OPENCL_VERSION=300 -I/include -I//include -I/include -I//include -Iinc -I/usr/include -Isrc -std=c++14 -g -O0  -c src/common/bspline/bspline_validate.cpp -o obj/common/bspline/bspline_validate.o
mkdir -p obj/common/system_state/
//bin/mpicxx -D__STDCPP_WANT_MATH_SPEC_FUNCS__ -DCL_TARGET_OPENCL_VERSION=300 -I/include -I//include -I/include -I//include -Iinc -I/usr/include -Isrc -std=c++14 -g -O0  -c src/common/system_state/system_state.cpp -o obj/common/system_state/system_state.o
 
mkdir -p obj/common/tdse/
//bin/mpicxx -D__STDCPP_WANT_MATH_SPEC_FUNCS__ -DCL_TARGET_OPENCL_VERSION=300 -I/include -I//include -I/include -I//include -Iinc -I/usr/include -Isrc -std=c++14 -g -O0  -c src/common/tdse/simulation_validate_basis.cpp -o obj/common/tdse/simulation_validate_basis.o
//bin/mpicxx -D__STDCPP_WANT_MATH_SPEC_FUNCS__ -DCL_TARGET_OPENCL_VERSION=300 -I/include -I//include -I/include -I//include -Iinc -I/usr/include -Isrc -std=c++14 -g -O0  -c src/common/tdse/simulation.cpp -o obj/common/tdse/simulation.o
 
//bin/mpicxx -D__STDCPP_WANT_MATH_SPEC_FUNCS__ -DCL_TARGET_OPENCL_VERSION=300 -I/include -I//include -I/include -I//include -Iinc -I/usr/include -Isrc -std=c++14 -g -O0  -c src/common/tdse/simulation_step.cpp -o obj/common/tdse/simulation_step.o
//bin/mpicxx -D__STDCPP_WANT_MATH_SPEC_FUNCS__ -DCL_TARGET_OPENCL_VERSION=300 -I/include -I//include -I/include -I//include -Iinc -I/usr/include -Isrc -std=c++14 -g -O0  -c src/common/tdse/simulation_validate.cpp -o obj/common/tdse/simulation_validate.o
 
//bin/mpicxx -D__STDCPP_WANT_MATH_SPEC_FUNCS__ -DCL_TARGET_OPENCL_VERSION=300 -I/include -I//include -I/include -I//include -Iinc -I/usr/include -Isrc -std=c++14 -g -O0  -c src/common/tdse/simulation_initialize.cpp -o obj/common/tdse/simulation_initialize.o
//bin/mpicxx -D__STDCPP_WANT_MATH_SPEC_FUNCS__ -DCL_TARGET_OPENCL_VERSION=300 -I/include -I//include -I/include -I//include -Iinc -I/usr/include -Isrc -std=c++14 -g -O0  -c src/common/tdse/simulation_finalize.cpp -o obj/common/tdse/simulation_finalize.o
 
//bin/mpicxx -D__STDCPP_WANT_MATH_SPEC_FUNCS__ -DCL_TARGET_OPENCL_VERSION=300 -I/include -I//include -I/include -I//include -Iinc -I/usr/include -Isrc -std=c++14 -g -O0  -c src/common/tdse/simulation_load.cpp -o obj/common/tdse/simulation_load.o
//bin/mpicxx -D__STDCPP_WANT_MATH_SPEC_FUNCS__ -DCL_TARGET_OPENCL_VERSION=300 -I/include -I//include -I/include -I//include -Iinc -I/usr/include -Isrc -std=c++14 -g -O0  -c src/common/tdse/simulation_check_symmetry.cpp -o obj/common/tdse/simulation_check_symmetry.o
 
mkdir -p obj/common/tise/
//bin/mpicxx -D__STDCPP_WANT_MATH_SPEC_FUNCS__ -DCL_TARGET_OPENCL_VERSION=300 -I/include -I//include -I/include -I//include -Iinc -I/usr/include -Isrc -std=c++14 -g -O0  -c src/common/tise/tise_compute_continuum_state.cpp -o obj/common/tise/tise_compute_continuum_state.o
//bin/mpicxx -D__STDCPP_WANT_MATH_SPEC_FUNCS__ -DCL_TARGET_OPENCL_VERSION=300 -I/include -I//include -I/include -I//include -Iinc -I/usr/include -Isrc -std=c++14 -g -O0  -c src/common/tise/tise_axial_pot.cpp -o obj/common/tise/tise_axial_pot.o
 
//bin/mpicxx -D__STDCPP_WANT_MATH_SPEC_FUNCS__ -DCL_TARGET_OPENCL_VERSION=300 -I/include -I//include -I/include -I//include -Iinc -I/usr/include -Isrc -std=c++14 -g -O0  -c src/common/tise/tise_solve.cpp -o obj/common/tise/tise_solve.o
//bin/mpicxx -D__STDCPP_WANT_MATH_SPEC_FUNCS__ -DCL_TARGET_OPENCL_VERSION=300 -I/include -I//include -I/include -I//include -Iinc -I/usr/include -Isrc -std=c++14 -g -O0  -c src/common/tise/tise_compute_bound_state.cpp -o obj/common/tise/tise_compute_bound_state.o
 
//bin/mpicxx -D__STDCPP_WANT_MATH_SPEC_FUNCS__ -DCL_TARGET_OPENCL_VERSION=300 -I/include -I//include -I/include -I//include -Iinc -I/usr/include -Isrc -std=c++14 -g -O0  -c src/common/tise/tise_load.cpp -o obj/common/tise/tise_load.o
//bin/mpicxx -D__STDCPP_WANT_MATH_SPEC_FUNCS__ -DCL_TARGET_OPENCL_VERSION=300 -I/include -I//include -I/include -I//include -Iinc -I/usr/include -Isrc -std=c++14 -g -O0  -c src/common/tise/tise_central_pot.cpp -o obj/common/tise/tise_central_pot.o
//bin/mpicxx -D__STDCPP_WANT_MATH_SPEC_FUNCS__ -DCL_TARGET_OPENCL_VERSION=300 -I/include -I//include -I/include -I//include -Iinc -I/usr/include -Isrc -std=c++14 -g -O0  -c src/common/tise/tise_validate.cpp -o obj/common/tise/tise_validate.o
 
//bin/mpicxx -D__STDCPP_WANT_MATH_SPEC_FUNCS__ -DCL_TARGET_OPENCL_VERSION=300 -I/include -I//include -I/include -I//include -Iinc -I/usr/include -Isrc -std=c++14 -g -O0  -c src/common/tise/tise.cpp -o obj/common/tise/tise.o
mkdir -p obj/common/file_io/
//bin/mpicxx -D__STDCPP_WANT_MATH_SPEC_FUNCS__ -DCL_TARGET_OPENCL_VERSION=300 -I/include -I//include -I/include -I//include -Iinc -I/usr/include -Isrc -std=c++14 -g -O0  -c src/common/file_io/io_ascii.cpp -o obj/common/file_io/io_ascii.o
 
//bin/mpicxx -D__STDCPP_WANT_MATH_SPEC_FUNCS__ -DCL_TARGET_OPENCL_VERSION=300 -I/include -I//include -I/include -I//include -Iinc -I/usr/include -Isrc -std=c++14 -g -O0  -c src/common/file_io/io_factory.cpp -o obj/common/file_io/io_factory.o
mkdir -p obj/common/ionization/
 
//bin/mpicxx -D__STDCPP_WANT_MATH_SPEC_FUNCS__ -DCL_TARGET_OPENCL_VERSION=300 -I/include -I//include -I/include -I//include -Iinc -I/usr/include -Isrc -std=c++14 -g -O0  -c src/common/ionization/ionization_load.cpp -o obj/common/ionization/ionization_load.o
//bin/mpicxx -D__STDCPP_WANT_MATH_SPEC_FUNCS__ -DCL_TARGET_OPENCL_VERSION=300 -I/include -I//include -I/include -I//include -Iinc -I/usr/include -Isrc -std=c++14 -g -O0  -c src/common/ionization/ionization_energy_resolved.cpp -o obj/common/ionization/ionization_energy_resolved.o
 
//bin/mpicxx -D__STDCPP_WANT_MATH_SPEC_FUNCS__ -DCL_TARGET_OPENCL_VERSION=300 -I/include -I//include -I/include -I//include -Iinc -I/usr/include -Isrc -std=c++14 -g -O0  -c src/common/ionization/ionization_execute.cpp -o obj/common/ionization/ionization_execute.o
mkdir -p obj/common/ionization/angularly_resolved/
//bin/mpicxx -D__STDCPP_WANT_MATH_SPEC_FUNCS__ -DCL_TARGET_OPENCL_VERSION=300 -I/include -I//include -I/include -I//include -Iinc -I/usr/include -Isrc -std=c++14 -g -O0  -c src/common/ionization/angularly_resolved/angularly_resolved_validate.cpp -o obj/common/ionization/angularly_resolved/angularly_resolved_validate.o
 
//bin/mpicxx -D__STDCPP_WANT_MATH_SPEC_FUNCS__ -DCL_TARGET_OPENCL_VERSION=300 -I/include -I//include -I/include -I//include -Iinc -I/usr/include -Isrc -std=c++14 -g -O0  -c src/common/ionization/angularly_resolved/angularly_resolved_create.cpp -o obj/common/ionization/angularly_resolved/angularly_resolved_create.o
//bin/mpicxx -D__STDCPP_WANT_MATH_SPEC_FUNCS__ -DCL_TARGET_OPENCL_VERSION=300 -I/include -I//include -I/include -I//include -Iinc -I/usr/include -Isrc -std=c++14 -g -O0  -c src/common/ionization/angularly_resolved/angularly_resolved_execute.cpp -o obj/common/ionization/angularly_resolved/angularly_resolved_execute.o
 
//bin/mpicxx -D__STDCPP_WANT_MATH_SPEC_FUNCS__ -DCL_TARGET_OPENCL_VERSION=300 -I/include -I//include -I/include -I//include -Iinc -I/usr/include -Isrc -std=c++14 -g -O0  -c src/common/ionization/ionization_read_populations.cpp -o obj/common/ionization/ionization_read_populations.o
//bin/mpicxx -D__STDCPP_WANT_MATH_SPEC_FUNCS__ -DCL_TARGET_OPENCL_VERSION=300 -I/include -I//include -I/include -I//include -Iinc -I/usr/include -Isrc -std=c++14 -g -O0  -c src/common/ionization/ionization_validate.cpp -o obj/common/ionization/ionization_validate.o
 
mkdir -p obj/common/ionization/energy_resolved/
//bin/mpicxx -D__STDCPP_WANT_MATH_SPEC_FUNCS__ -DCL_TARGET_OPENCL_VERSION=300 -I/include -I//include -I/include -I//include -Iinc -I/usr/include -Isrc -std=c++14 -g -O0  -c src/common/ionization/energy_resolved/energy_resolved_execute.cpp -o obj/common/ionization/energy_resolved/energy_resolved_execute.o
//bin/mpicxx -D__STDCPP_WANT_MATH_SPEC_FUNCS__ -DCL_TARGET_OPENCL_VERSION=300 -I/include -I//include -I/include -I//include -Iinc -I/usr/include -Isrc -std=c++14 -g -O0  -c src/common/ionization/energy_resolved/energy_resolved_validate.cpp -o obj/common/ionization/energy_resolved/energy_resolved_validate.o
 
//bin/mpicxx -D__STDCPP_WANT_MATH_SPEC_FUNCS__ -DCL_TARGET_OPENCL_VERSION=300 -I/include -I//include -I/include -I//include -Iinc -I/usr/include -Isrc -std=c++14 -g -O0  -c src/common/ionization/energy_resolved/energy_resolved_create.cpp -o obj/common/ionization/energy_resolved/energy_resolved_create.o
//bin/mpicxx -D__STDCPP_WANT_MATH_SPEC_FUNCS__ -DCL_TARGET_OPENCL_VERSION=300 -I/include -I//include -I/include -I//include -Iinc -I/usr/include -Isrc -std=c++14 -g -O0  -c src/common/ionization/ionization_calculate_phaseshifts.cpp -o obj/common/ionization/ionization_calculate_phaseshifts.o
//bin/mpicxx -D__STDCPP_WANT_MATH_SPEC_FUNCS__ -DCL_TARGET_OPENCL_VERSION=300 -I/include -I//include -I/include -I//include -Iinc -I/usr/include -Isrc -std=c++14 -g -O0  -c src/bspline_tise_main.cpp -o obj/bspline_tise_main.o
 
//bin/mpicxx -g -O0  -o bspline_tise.out obj/bspline_tise_main.o obj/objects/observables/wavefunction_obs.o obj/objects/observables/pulse_obs.o obj/objects/observables/debug_eigenstates.o obj/objects/observables/dipole_obs.o obj/objects/observables/dipole_acc_obs.o obj/objects/observables/knot_obs.o obj/objects/observables/basis_obs.o obj/objects/observables/ionization_obs.o obj/objects/observables/norm_obs.o obj/objects/observables/potential_obs.o obj/objects/observables/density_obs.o obj/objects/observables/debug_wavefunction_obs.o obj/objects/observables/population_obs.o obj/objects/propagators/gpu_CrankNicolson/gpu_crank_nicolson_validate.o obj/objects/propagators/gpu_CrankNicolson/gpu_crank_nicolson.o obj/objects/propagators/crank_nicolson/crank_nicolson_fill_S.o obj/objects/propagators/crank_nicolson/crank_nicolson_fill_HI_y.o obj/objects/propagators/crank_nicolson/crank_nicolson_fill_U0.o obj/objects/propagators/crank_nicolson/crank_nicolson_fill_HI_x.o obj/objects/propagators/crank_nicolson/crank_nicolson_fill_FF.o obj/objects/propagators/crank_nicolson/crank_nicolson_validate.o obj/objects/propagators/crank_nicolson/crank_nicolson_fill_HI_z.o obj/objects/propagators/crank_nicolson/crank_nicolson.o obj/objects/potentials/exponential/exponential_pot_z.o obj/objects/potentials/exponential/exponential_pot_x.o obj/objects/potentials/exponential/exponential_pot_y.o obj/objects/potentials/exponential/exponential_pot.o obj/objects/potentials/coulomb/coulomb_grad_z.o obj/objects/potentials/coulomb/coulomb_axial.o obj/objects/potentials/coulomb/coulomb_grad_x.o obj/objects/potentials/coulomb/coulomb_central.o obj/objects/potentials/coulomb/coulomb_pot.o obj/objects/potentials/coulomb/coulomb_grad_y.o obj/objects/potentials/yukawa/yukawa_axial.o obj/objects/potentials/yukawa/yukawa_pot.o obj/objects/potentials/yukawa/yukawa_pot_z.o obj/objects/potentials/yukawa/yukawa_pot_x.o obj/objects/potentials/yukawa/yukawa_pot_y.o obj/objects/pulses/sin2pulse.o obj/objects/pulses/trapezoidal_pulse.o obj/cl_gpu/cl_environment.o obj/cl_gpu/cl_kernel.o obj/cl_gpu/cl_memory.o obj/gpu/maths/gpu_matrix.o obj/gpu/maths/gpu_gmres.o obj/gpu/maths/gpu_vector.o obj/gpu/maths/gpu_common.o obj/gpu/utility/gpu_logger.o obj/gpu/utility/gpu_profiler.o obj/gpu/kernels/cl_kernels.o obj/petsc/maths/petsc_gmres.o obj/petsc/maths/petsc_matrix.o obj/petsc/maths/petsc_eps.o obj/petsc/maths/petsc_vector.o obj/petsc/maths/petsc_math_factory.o obj/petsc/maths/petsc_common.o obj/petsc/utility/petsc_profiler.o obj/petsc/utility/petsc_logger.o obj/petsc/file_io/petsc_hdf5.o obj/petsc/file_io/petsc_io_factory.o obj/petsc/file_io/petsc_ascii.o obj/input/validate_input.o obj/common/maths/math_algebra.o obj/common/maths/math_factory.o obj/common/maths/eigen_solver.o obj/common/utility/index_manip.o obj/common/utility/spherical_harmonics.o obj/common/utility/logger.o obj/common/utility/wigner3j/wigner3j_gcf.o obj/common/utility/wigner3j/wigner3j.o obj/common/utility/wigner3j/wigner3j_fraction.o obj/common/utility/banded_matrix.o obj/common/utility/profiler.o obj/common/utility/gsl_fit_sin.o obj/common/utility/factory.o obj/common/objects/initial_state.o obj/common/objects/pulse.o obj/common/objects/observable.o obj/common/objects/propagator.o obj/common/bspline/bspline_static_interface.o obj/common/bspline/bspline_evaluate.o obj/common/bspline/bspline_sequence.o obj/common/bspline/bspline_helper.o obj/common/bspline/bspline_coeff_matrix.o obj/common/bspline/bspline_ecs.o obj/common/bspline/bspline_gauss_quad.o obj/common/bspline/bspline_integrate.o obj/common/bspline/bspline_initialize.o obj/common/bspline/bspline_validate.o obj/common/system_state/system_state.o obj/common/tdse/simulation_validate_basis.o obj/common/tdse/simulation.o obj/common/tdse/simulation_step.o obj/common/tdse/simulation_validate.o obj/common/tdse/simulation_initialize.o obj/common/tdse/simulation_finalize.o obj/common/tdse/simulation_load.o obj/common/tdse/simulation_check_symmetry.o obj/common/tise/tise_compute_continuum_state.o obj/common/tise/tise_axial_pot.o obj/common/tise/tise_solve.o obj/common/tise/tise_compute_bound_state.o obj/common/tise/tise_load.o obj/common/tise/tise_central_pot.o obj/common/tise/tise_validate.o obj/common/tise/tise.o obj/common/file_io/io_ascii.o obj/common/file_io/io_factory.o obj/common/ionization/ionization_load.o obj/common/ionization/ionization_energy_resolved.o obj/common/ionization/ionization_execute.o obj/common/ionization/angularly_resolved/angularly_resolved_validate.o obj/common/ionization/angularly_resolved/angularly_resolved_create.o obj/common/ionization/angularly_resolved/angularly_resolved_execute.o obj/common/ionization/ionization_read_populations.o obj/common/ionization/ionization_validate.o obj/common/ionization/energy_resolved/energy_resolved_execute.o obj/common/ionization/energy_resolved/energy_resolved_validate.o obj/common/ionization/energy_resolved/energy_resolved_create.o obj/common/ionization/ionization_calculate_phaseshifts.o -lm -lOpenCL -pthread -lgsl -lgslcblas -lhdf5 -L//lib -L//lib -lpetsc -lslepc
 
//bin/mpicxx -D__STDCPP_WANT_MATH_SPEC_FUNCS__ -DCL_TARGET_OPENCL_VERSION=300 -I/include -I//include -I/include -I//include -Iinc -I/usr/include -Isrc -std=c++14 -g -O0  -c src/bspline_tdse_main.cpp -o obj/bspline_tdse_main.o
 
//bin/mpicxx -g -O0  -o bspline_tdse.out obj/bspline_tdse_main.o obj/objects/observables/wavefunction_obs.o obj/objects/observables/pulse_obs.o obj/objects/observables/debug_eigenstates.o obj/objects/observables/dipole_obs.o obj/objects/observables/dipole_acc_obs.o obj/objects/observables/knot_obs.o obj/objects/observables/basis_obs.o obj/objects/observables/ionization_obs.o obj/objects/observables/norm_obs.o obj/objects/observables/potential_obs.o obj/objects/observables/density_obs.o obj/objects/observables/debug_wavefunction_obs.o obj/objects/observables/population_obs.o obj/objects/propagators/gpu_CrankNicolson/gpu_crank_nicolson_validate.o obj/objects/propagators/gpu_CrankNicolson/gpu_crank_nicolson.o obj/objects/propagators/crank_nicolson/crank_nicolson_fill_S.o obj/objects/propagators/crank_nicolson/crank_nicolson_fill_HI_y.o obj/objects/propagators/crank_nicolson/crank_nicolson_fill_U0.o obj/objects/propagators/crank_nicolson/crank_nicolson_fill_HI_x.o obj/objects/propagators/crank_nicolson/crank_nicolson_fill_FF.o obj/objects/propagators/crank_nicolson/crank_nicolson_validate.o obj/objects/propagators/crank_nicolson/crank_nicolson_fill_HI_z.o obj/objects/propagators/crank_nicolson/crank_nicolson.o obj/objects/potentials/exponential/exponential_pot_z.o obj/objects/potentials/exponential/exponential_pot_x.o obj/objects/potentials/exponential/exponential_pot_y.o obj/objects/potentials/exponential/exponential_pot.o obj/objects/potentials/coulomb/coulomb_grad_z.o obj/objects/potentials/coulomb/coulomb_axial.o obj/objects/potentials/coulomb/coulomb_grad_x.o obj/objects/potentials/coulomb/coulomb_central.o obj/objects/potentials/coulomb/coulomb_pot.o obj/objects/potentials/coulomb/coulomb_grad_y.o obj/objects/potentials/yukawa/yukawa_axial.o obj/objects/potentials/yukawa/yukawa_pot.o obj/objects/potentials/yukawa/yukawa_pot_z.o obj/objects/potentials/yukawa/yukawa_pot_x.o obj/objects/potentials/yukawa/yukawa_pot_y.o obj/objects/pulses/sin2pulse.o obj/objects/pulses/trapezoidal_pulse.o obj/cl_gpu/cl_environment.o obj/cl_gpu/cl_kernel.o obj/cl_gpu/cl_memory.o obj/gpu/maths/gpu_matrix.o obj/gpu/maths/gpu_gmres.o obj/gpu/maths/gpu_vector.o obj/gpu/maths/gpu_common.o obj/gpu/utility/gpu_logger.o obj/gpu/utility/gpu_profiler.o obj/gpu/kernels/cl_kernels.o obj/petsc/maths/petsc_gmres.o obj/petsc/maths/petsc_matrix.o obj/petsc/maths/petsc_eps.o obj/petsc/maths/petsc_vector.o obj/petsc/maths/petsc_math_factory.o obj/petsc/maths/petsc_common.o obj/petsc/utility/petsc_profiler.o obj/petsc/utility/petsc_logger.o obj/petsc/file_io/petsc_hdf5.o obj/petsc/file_io/petsc_io_factory.o obj/petsc/file_io/petsc_ascii.o obj/input/validate_input.o obj/common/maths/math_algebra.o obj/common/maths/math_factory.o obj/common/maths/eigen_solver.o obj/common/utility/index_manip.o obj/common/utility/spherical_harmonics.o obj/common/utility/logger.o obj/common/utility/wigner3j/wigner3j_gcf.o obj/common/utility/wigner3j/wigner3j.o obj/common/utility/wigner3j/wigner3j_fraction.o obj/common/utility/banded_matrix.o obj/common/utility/profiler.o obj/common/utility/gsl_fit_sin.o obj/common/utility/factory.o obj/common/objects/initial_state.o obj/common/objects/pulse.o obj/common/objects/observable.o obj/common/objects/propagator.o obj/common/bspline/bspline_static_interface.o obj/common/bspline/bspline_evaluate.o obj/common/bspline/bspline_sequence.o obj/common/bspline/bspline_helper.o obj/common/bspline/bspline_coeff_matrix.o obj/common/bspline/bspline_ecs.o obj/common/bspline/bspline_gauss_quad.o obj/common/bspline/bspline_integrate.o obj/common/bspline/bspline_initialize.o obj/common/bspline/bspline_validate.o obj/common/system_state/system_state.o obj/common/tdse/simulation_validate_basis.o obj/common/tdse/simulation.o obj/common/tdse/simulation_step.o obj/common/tdse/simulation_validate.o obj/common/tdse/simulation_initialize.o obj/common/tdse/simulation_finalize.o obj/common/tdse/simulation_load.o obj/common/tdse/simulation_check_symmetry.o obj/common/tise/tise_compute_continuum_state.o obj/common/tise/tise_axial_pot.o obj/common/tise/tise_solve.o obj/common/tise/tise_compute_bound_state.o obj/common/tise/tise_load.o obj/common/tise/tise_central_pot.o obj/common/tise/tise_validate.o obj/common/tise/tise.o obj/common/file_io/io_ascii.o obj/common/file_io/io_factory.o obj/common/ionization/ionization_load.o obj/common/ionization/ionization_energy_resolved.o obj/common/ionization/ionization_execute.o obj/common/ionization/angularly_resolved/angularly_resolved_validate.o obj/common/ionization/angularly_resolved/angularly_resolved_create.o obj/common/ionization/angularly_resolved/angularly_resolved_execute.o obj/common/ionization/ionization_read_populations.o obj/common/ionization/ionization_validate.o obj/common/ionization/energy_resolved/energy_resolved_execute.o obj/common/ionization/energy_resolved/energy_resolved_validate.o obj/common/ionization/energy_resolved/energy_resolved_create.o obj/common/ionization/ionization_calculate_phaseshifts.o -lm -lOpenCL -pthread -lgsl -lgslcblas -lhdf5 -L//lib -L//lib -lpetsc -lslepc
 
//bin/mpicxx -D__STDCPP_WANT_MATH_SPEC_FUNCS__ -DCL_TARGET_OPENCL_VERSION=300 -I/include -I//include -I/include -I//include -Iinc -I/usr/include -Isrc -std=c++14 -g -O0  -c src/ionization_main.cpp -o obj/ionization_main.o
 
//bin/mpicxx -g -O0  -o ionization.out obj/ionization_main.o obj/objects/observables/wavefunction_obs.o obj/objects/observables/pulse_obs.o obj/objects/observables/debug_eigenstates.o obj/objects/observables/dipole_obs.o obj/objects/observables/dipole_acc_obs.o obj/objects/observables/knot_obs.o obj/objects/observables/basis_obs.o obj/objects/observables/ionization_obs.o obj/objects/observables/norm_obs.o obj/objects/observables/potential_obs.o obj/objects/observables/density_obs.o obj/objects/observables/debug_wavefunction_obs.o obj/objects/observables/population_obs.o obj/objects/propagators/gpu_CrankNicolson/gpu_crank_nicolson_validate.o obj/objects/propagators/gpu_CrankNicolson/gpu_crank_nicolson.o obj/objects/propagators/crank_nicolson/crank_nicolson_fill_S.o obj/objects/propagators/crank_nicolson/crank_nicolson_fill_HI_y.o obj/objects/propagators/crank_nicolson/crank_nicolson_fill_U0.o obj/objects/propagators/crank_nicolson/crank_nicolson_fill_HI_x.o obj/objects/propagators/crank_nicolson/crank_nicolson_fill_FF.o obj/objects/propagators/crank_nicolson/crank_nicolson_validate.o obj/objects/propagators/crank_nicolson/crank_nicolson_fill_HI_z.o obj/objects/propagators/crank_nicolson/crank_nicolson.o obj/objects/potentials/exponential/exponential_pot_z.o obj/objects/potentials/exponential/exponential_pot_x.o obj/objects/potentials/exponential/exponential_pot_y.o obj/objects/potentials/exponential/exponential_pot.o obj/objects/potentials/coulomb/coulomb_grad_z.o obj/objects/potentials/coulomb/coulomb_axial.o obj/objects/potentials/coulomb/coulomb_grad_x.o obj/objects/potentials/coulomb/coulomb_central.o obj/objects/potentials/coulomb/coulomb_pot.o obj/objects/potentials/coulomb/coulomb_grad_y.o obj/objects/potentials/yukawa/yukawa_axial.o obj/objects/potentials/yukawa/yukawa_pot.o obj/objects/potentials/yukawa/yukawa_pot_z.o obj/objects/potentials/yukawa/yukawa_pot_x.o obj/objects/potentials/yukawa/yukawa_pot_y.o obj/objects/pulses/sin2pulse.o obj/objects/pulses/trapezoidal_pulse.o obj/cl_gpu/cl_environment.o obj/cl_gpu/cl_kernel.o obj/cl_gpu/cl_memory.o obj/gpu/maths/gpu_matrix.o obj/gpu/maths/gpu_gmres.o obj/gpu/maths/gpu_vector.o obj/gpu/maths/gpu_common.o obj/gpu/utility/gpu_logger.o obj/gpu/utility/gpu_profiler.o obj/gpu/kernels/cl_kernels.o obj/petsc/maths/petsc_gmres.o obj/petsc/maths/petsc_matrix.o obj/petsc/maths/petsc_eps.o obj/petsc/maths/petsc_vector.o obj/petsc/maths/petsc_math_factory.o obj/petsc/maths/petsc_common.o obj/petsc/utility/petsc_profiler.o obj/petsc/utility/petsc_logger.o obj/petsc/file_io/petsc_hdf5.o obj/petsc/file_io/petsc_io_factory.o obj/petsc/file_io/petsc_ascii.o obj/input/validate_input.o obj/common/maths/math_algebra.o obj/common/maths/math_factory.o obj/common/maths/eigen_solver.o obj/common/utility/index_manip.o obj/common/utility/spherical_harmonics.o obj/common/utility/logger.o obj/common/utility/wigner3j/wigner3j_gcf.o obj/common/utility/wigner3j/wigner3j.o obj/common/utility/wigner3j/wigner3j_fraction.o obj/common/utility/banded_matrix.o obj/common/utility/profiler.o obj/common/utility/gsl_fit_sin.o obj/common/utility/factory.o obj/common/objects/initial_state.o obj/common/objects/pulse.o obj/common/objects/observable.o obj/common/objects/propagator.o obj/common/bspline/bspline_static_interface.o obj/common/bspline/bspline_evaluate.o obj/common/bspline/bspline_sequence.o obj/common/bspline/bspline_helper.o obj/common/bspline/bspline_coeff_matrix.o obj/common/bspline/bspline_ecs.o obj/common/bspline/bspline_gauss_quad.o obj/common/bspline/bspline_integrate.o obj/common/bspline/bspline_initialize.o obj/common/bspline/bspline_validate.o obj/common/system_state/system_state.o obj/common/tdse/simulation_validate_basis.o obj/common/tdse/simulation.o obj/common/tdse/simulation_step.o obj/common/tdse/simulation_validate.o obj/common/tdse/simulation_initialize.o obj/common/tdse/simulation_finalize.o obj/common/tdse/simulation_load.o obj/common/tdse/simulation_check_symmetry.o obj/common/tise/tise_compute_continuum_state.o obj/common/tise/tise_axial_pot.o obj/common/tise/tise_solve.o obj/common/tise/tise_compute_bound_state.o obj/common/tise/tise_load.o obj/common/tise/tise_central_pot.o obj/common/tise/tise_validate.o obj/common/tise/tise.o obj/common/file_io/io_ascii.o obj/common/file_io/io_factory.o obj/common/ionization/ionization_load.o obj/common/ionization/ionization_energy_resolved.o obj/common/ionization/ionization_execute.o obj/common/ionization/angularly_resolved/angularly_resolved_validate.o obj/common/ionization/angularly_resolved/angularly_resolved_create.o obj/common/ionization/angularly_resolved/angularly_resolved_execute.o obj/common/ionization/ionization_read_populations.o obj/common/ionization/ionization_validate.o obj/common/ionization/energy_resolved/energy_resolved_execute.o obj/common/ionization/energy_resolved/energy_resolved_validate.o obj/common/ionization/energy_resolved/energy_resolved_create.o obj/common/ionization/ionization_calculate_phaseshifts.o -lm -lOpenCL -pthread -lgsl -lgslcblas -lhdf5 -L//lib -L//lib -lpetsc -lslepc
 
//bin/mpicxx -D__STDCPP_WANT_MATH_SPEC_FUNCS__ -DCL_TARGET_OPENCL_VERSION=300 -I/include -I//include -I/include -I//include -Iinc -I/usr/include -Isrc -std=c++14 -g -O0  -c src/populations_main.cpp -o obj/populations_main.o
 
//bin/mpicxx -g -O0  -o populations.out obj/populations_main.o obj/objects/observables/wavefunction_obs.o obj/objects/observables/pulse_obs.o obj/objects/observables/debug_eigenstates.o obj/objects/observables/dipole_obs.o obj/objects/observables/dipole_acc_obs.o obj/objects/observables/knot_obs.o obj/objects/observables/basis_obs.o obj/objects/observables/ionization_obs.o obj/objects/observables/norm_obs.o obj/objects/observables/potential_obs.o obj/objects/observables/density_obs.o obj/objects/observables/debug_wavefunction_obs.o obj/objects/observables/population_obs.o obj/objects/propagators/gpu_CrankNicolson/gpu_crank_nicolson_validate.o obj/objects/propagators/gpu_CrankNicolson/gpu_crank_nicolson.o obj/objects/propagators/crank_nicolson/crank_nicolson_fill_S.o obj/objects/propagators/crank_nicolson/crank_nicolson_fill_HI_y.o obj/objects/propagators/crank_nicolson/crank_nicolson_fill_U0.o obj/objects/propagators/crank_nicolson/crank_nicolson_fill_HI_x.o obj/objects/propagators/crank_nicolson/crank_nicolson_fill_FF.o obj/objects/propagators/crank_nicolson/crank_nicolson_validate.o obj/objects/propagators/crank_nicolson/crank_nicolson_fill_HI_z.o obj/objects/propagators/crank_nicolson/crank_nicolson.o obj/objects/potentials/exponential/exponential_pot_z.o obj/objects/potentials/exponential/exponential_pot_x.o obj/objects/potentials/exponential/exponential_pot_y.o obj/objects/potentials/exponential/exponential_pot.o obj/objects/potentials/coulomb/coulomb_grad_z.o obj/objects/potentials/coulomb/coulomb_axial.o obj/objects/potentials/coulomb/coulomb_grad_x.o obj/objects/potentials/coulomb/coulomb_central.o obj/objects/potentials/coulomb/coulomb_pot.o obj/objects/potentials/coulomb/coulomb_grad_y.o obj/objects/potentials/yukawa/yukawa_axial.o obj/objects/potentials/yukawa/yukawa_pot.o obj/objects/potentials/yukawa/yukawa_pot_z.o obj/objects/potentials/yukawa/yukawa_pot_x.o obj/objects/potentials/yukawa/yukawa_pot_y.o obj/objects/pulses/sin2pulse.o obj/objects/pulses/trapezoidal_pulse.o obj/cl_gpu/cl_environment.o obj/cl_gpu/cl_kernel.o obj/cl_gpu/cl_memory.o obj/gpu/maths/gpu_matrix.o obj/gpu/maths/gpu_gmres.o obj/gpu/maths/gpu_vector.o obj/gpu/maths/gpu_common.o obj/gpu/utility/gpu_logger.o obj/gpu/utility/gpu_profiler.o obj/gpu/kernels/cl_kernels.o obj/petsc/maths/petsc_gmres.o obj/petsc/maths/petsc_matrix.o obj/petsc/maths/petsc_eps.o obj/petsc/maths/petsc_vector.o obj/petsc/maths/petsc_math_factory.o obj/petsc/maths/petsc_common.o obj/petsc/utility/petsc_profiler.o obj/petsc/utility/petsc_logger.o obj/petsc/file_io/petsc_hdf5.o obj/petsc/file_io/petsc_io_factory.o obj/petsc/file_io/petsc_ascii.o obj/input/validate_input.o obj/common/maths/math_algebra.o obj/common/maths/math_factory.o obj/common/maths/eigen_solver.o obj/common/utility/index_manip.o obj/common/utility/spherical_harmonics.o obj/common/utility/logger.o obj/common/utility/wigner3j/wigner3j_gcf.o obj/common/utility/wigner3j/wigner3j.o obj/common/utility/wigner3j/wigner3j_fraction.o obj/common/utility/banded_matrix.o obj/common/utility/profiler.o obj/common/utility/gsl_fit_sin.o obj/common/utility/factory.o obj/common/objects/initial_state.o obj/common/objects/pulse.o obj/common/objects/observable.o obj/common/objects/propagator.o obj/common/bspline/bspline_static_interface.o obj/common/bspline/bspline_evaluate.o obj/common/bspline/bspline_sequence.o obj/common/bspline/bspline_helper.o obj/common/bspline/bspline_coeff_matrix.o obj/common/bspline/bspline_ecs.o obj/common/bspline/bspline_gauss_quad.o obj/common/bspline/bspline_integrate.o obj/common/bspline/bspline_initialize.o obj/common/bspline/bspline_validate.o obj/common/system_state/system_state.o obj/common/tdse/simulation_validate_basis.o obj/common/tdse/simulation.o obj/common/tdse/simulation_step.o obj/common/tdse/simulation_validate.o obj/common/tdse/simulation_initialize.o obj/common/tdse/simulation_finalize.o obj/common/tdse/simulation_load.o obj/common/tdse/simulation_check_symmetry.o obj/common/tise/tise_compute_continuum_state.o obj/common/tise/tise_axial_pot.o obj/common/tise/tise_solve.o obj/common/tise/tise_compute_bound_state.o obj/common/tise/tise_load.o obj/common/tise/tise_central_pot.o obj/common/tise/tise_validate.o obj/common/tise/tise.o obj/common/file_io/io_ascii.o obj/common/file_io/io_factory.o obj/common/ionization/ionization_load.o obj/common/ionization/ionization_energy_resolved.o obj/common/ionization/ionization_execute.o obj/common/ionization/angularly_resolved/angularly_resolved_validate.o obj/common/ionization/angularly_resolved/angularly_resolved_create.o obj/common/ionization/angularly_resolved/angularly_resolved_execute.o obj/common/ionization/ionization_read_populations.o obj/common/ionization/ionization_validate.o obj/common/ionization/energy_resolved/energy_resolved_execute.o obj/common/ionization/energy_resolved/energy_resolved_validate.o obj/common/ionization/energy_resolved/energy_resolved_create.o obj/common/ionization/ionization_calculate_phaseshifts.o -lm -lOpenCL -pthread -lgsl -lgslcblas -lhdf5 -L//lib -L//lib -lpetsc -lslepc
 
rm obj/ionization_main.o obj/bspline_tdse_main.o obj/bspline_tise_main.o obj/populations_main.o
make: Leaving directory '/home/bghomashi/Documents/projects/tdse_bspline'
 
